[2025-02-08T19:05:50.179+0000] {taskinstance.py:1165} INFO - Dependencies all met for <TaskInstance: example_bash_operator.runme_0 scheduled__2025-02-07T00:00:00+00:00 [queued]>
[2025-02-08T19:05:50.186+0000] {taskinstance.py:1165} INFO - Dependencies all met for <TaskInstance: example_bash_operator.runme_0 scheduled__2025-02-07T00:00:00+00:00 [queued]>
[2025-02-08T19:05:50.187+0000] {taskinstance.py:1362} INFO - 
--------------------------------------------------------------------------------
[2025-02-08T19:05:50.188+0000] {taskinstance.py:1363} INFO - Starting attempt 1 of 1
[2025-02-08T19:05:50.188+0000] {taskinstance.py:1364} INFO - 
--------------------------------------------------------------------------------
[2025-02-08T19:05:50.200+0000] {taskinstance.py:1383} INFO - Executing <Task(BashOperator): runme_0> on 2025-02-07 00:00:00+00:00
[2025-02-08T19:05:50.204+0000] {standard_task_runner.py:55} INFO - Started process 1085 to run task
[2025-02-08T19:05:50.206+0000] {standard_task_runner.py:82} INFO - Running: ['***', 'tasks', 'run', 'example_bash_operator', 'runme_0', 'scheduled__2025-02-07T00:00:00+00:00', '--job-id', '3', '--raw', '--subdir', '/home/***/.local/lib/python3.7/site-packages/***/example_dags/example_bash_operator.py', '--cfg-path', '/tmp/tmp7quqctzh']
[2025-02-08T19:05:50.207+0000] {standard_task_runner.py:83} INFO - Job 3: Subtask runme_0
[2025-02-08T19:05:50.282+0000] {task_command.py:376} INFO - Running <TaskInstance: example_bash_operator.runme_0 scheduled__2025-02-07T00:00:00+00:00 [running]> on host 7276d72461ca
[2025-02-08T19:05:50.346+0000] {taskinstance.py:1592} INFO - Exporting the following env vars:
AIRFLOW_CTX_DAG_OWNER=***
AIRFLOW_CTX_DAG_ID=example_bash_operator
AIRFLOW_CTX_TASK_ID=runme_0
AIRFLOW_CTX_EXECUTION_DATE=2025-02-07T00:00:00+00:00
AIRFLOW_CTX_TRY_NUMBER=1
AIRFLOW_CTX_DAG_RUN_ID=scheduled__2025-02-07T00:00:00+00:00
[2025-02-08T19:05:50.349+0000] {subprocess.py:63} INFO - Tmp dir root location: 
 /tmp
[2025-02-08T19:05:50.351+0000] {subprocess.py:75} INFO - Running command: ['/bin/bash', '-c', 'echo "example_bash_operator__runme_0__20250207" && sleep 1']
[2025-02-08T19:05:50.362+0000] {subprocess.py:86} INFO - Output:
[2025-02-08T19:05:50.363+0000] {subprocess.py:93} INFO - example_bash_operator__runme_0__20250207
[2025-02-08T19:05:51.370+0000] {subprocess.py:97} INFO - Command exited with return code 0
[2025-02-08T19:05:51.422+0000] {taskinstance.py:1406} INFO - Marking task as SUCCESS. dag_id=example_bash_operator, task_id=runme_0, execution_date=20250207T000000, start_date=20250208T190550, end_date=20250208T190551
[2025-02-08T19:05:51.465+0000] {local_task_job.py:164} INFO - Task exited with return code 0
[2025-02-08T19:05:51.478+0000] {local_task_job.py:273} INFO - 0 downstream tasks scheduled from follow-on schedule check
