[2025-02-08T19:05:52.067+0000] {taskinstance.py:1165} INFO - Dependencies all met for <TaskInstance: example_bash_operator.run_after_loop scheduled__2025-02-07T00:00:00+00:00 [queued]>
[2025-02-08T19:05:52.080+0000] {taskinstance.py:1165} INFO - Dependencies all met for <TaskInstance: example_bash_operator.run_after_loop scheduled__2025-02-07T00:00:00+00:00 [queued]>
[2025-02-08T19:05:52.084+0000] {taskinstance.py:1362} INFO - 
--------------------------------------------------------------------------------
[2025-02-08T19:05:52.085+0000] {taskinstance.py:1363} INFO - Starting attempt 1 of 1
[2025-02-08T19:05:52.087+0000] {taskinstance.py:1364} INFO - 
--------------------------------------------------------------------------------
[2025-02-08T19:05:52.103+0000] {taskinstance.py:1383} INFO - Executing <Task(BashOperator): run_after_loop> on 2025-02-07 00:00:00+00:00
[2025-02-08T19:05:52.108+0000] {standard_task_runner.py:55} INFO - Started process 1096 to run task
[2025-02-08T19:05:52.111+0000] {standard_task_runner.py:82} INFO - Running: ['***', 'tasks', 'run', 'example_bash_operator', 'run_after_loop', 'scheduled__2025-02-07T00:00:00+00:00', '--job-id', '8', '--raw', '--subdir', '/home/***/.local/lib/python3.7/site-packages/***/example_dags/example_bash_operator.py', '--cfg-path', '/tmp/tmpwbl6c186']
[2025-02-08T19:05:52.112+0000] {standard_task_runner.py:83} INFO - Job 8: Subtask run_after_loop
[2025-02-08T19:05:52.183+0000] {task_command.py:376} INFO - Running <TaskInstance: example_bash_operator.run_after_loop scheduled__2025-02-07T00:00:00+00:00 [running]> on host 7276d72461ca
[2025-02-08T19:05:52.249+0000] {taskinstance.py:1592} INFO - Exporting the following env vars:
AIRFLOW_CTX_DAG_OWNER=***
AIRFLOW_CTX_DAG_ID=example_bash_operator
AIRFLOW_CTX_TASK_ID=run_after_loop
AIRFLOW_CTX_EXECUTION_DATE=2025-02-07T00:00:00+00:00
AIRFLOW_CTX_TRY_NUMBER=1
AIRFLOW_CTX_DAG_RUN_ID=scheduled__2025-02-07T00:00:00+00:00
[2025-02-08T19:05:52.250+0000] {subprocess.py:63} INFO - Tmp dir root location: 
 /tmp
[2025-02-08T19:05:52.252+0000] {subprocess.py:75} INFO - Running command: ['/bin/bash', '-c', 'echo 1']
[2025-02-08T19:05:52.260+0000] {subprocess.py:86} INFO - Output:
[2025-02-08T19:05:52.262+0000] {subprocess.py:93} INFO - 1
[2025-02-08T19:05:52.262+0000] {subprocess.py:97} INFO - Command exited with return code 0
[2025-02-08T19:05:52.285+0000] {taskinstance.py:1406} INFO - Marking task as SUCCESS. dag_id=example_bash_operator, task_id=run_after_loop, execution_date=20250207T000000, start_date=20250208T190552, end_date=20250208T190552
[2025-02-08T19:05:52.331+0000] {local_task_job.py:164} INFO - Task exited with return code 0
[2025-02-08T19:05:52.346+0000] {local_task_job.py:273} INFO - 0 downstream tasks scheduled from follow-on schedule check
