[2025-02-08T20:56:27.564+0000] {taskinstance.py:1165} INFO - Dependencies all met for <TaskInstance: user_processing.store_user scheduled__2025-02-07T00:00:00+00:00 [queued]>
[2025-02-08T20:56:27.570+0000] {taskinstance.py:1165} INFO - Dependencies all met for <TaskInstance: user_processing.store_user scheduled__2025-02-07T00:00:00+00:00 [queued]>
[2025-02-08T20:56:27.570+0000] {taskinstance.py:1362} INFO - 
--------------------------------------------------------------------------------
[2025-02-08T20:56:27.570+0000] {taskinstance.py:1363} INFO - Starting attempt 1 of 1
[2025-02-08T20:56:27.570+0000] {taskinstance.py:1364} INFO - 
--------------------------------------------------------------------------------
[2025-02-08T20:56:27.578+0000] {taskinstance.py:1383} INFO - Executing <Task(PythonOperator): store_user> on 2025-02-07 00:00:00+00:00
[2025-02-08T20:56:27.581+0000] {standard_task_runner.py:55} INFO - Started process 6324 to run task
[2025-02-08T20:56:27.584+0000] {standard_task_runner.py:82} INFO - Running: ['***', 'tasks', 'run', 'user_processing', 'store_user', 'scheduled__2025-02-07T00:00:00+00:00', '--job-id', '13', '--raw', '--subdir', 'DAGS_FOLDER/user_processing.py', '--cfg-path', '/tmp/tmp63s555w0']
[2025-02-08T20:56:27.585+0000] {standard_task_runner.py:83} INFO - Job 13: Subtask store_user
[2025-02-08T20:56:27.621+0000] {task_command.py:376} INFO - Running <TaskInstance: user_processing.store_user scheduled__2025-02-07T00:00:00+00:00 [running]> on host 7276d72461ca
[2025-02-08T20:56:27.657+0000] {taskinstance.py:1592} INFO - Exporting the following env vars:
AIRFLOW_CTX_DAG_OWNER=***
AIRFLOW_CTX_DAG_ID=user_processing
AIRFLOW_CTX_TASK_ID=store_user
AIRFLOW_CTX_EXECUTION_DATE=2025-02-07T00:00:00+00:00
AIRFLOW_CTX_TRY_NUMBER=1
AIRFLOW_CTX_DAG_RUN_ID=scheduled__2025-02-07T00:00:00+00:00
[2025-02-08T20:56:27.658+0000] {postgres.py:129} INFO - Running copy expert: COPY users FROM stdin WITH DELIMITER as ',', filename: /tmp/processed_user.csv
[2025-02-08T20:56:27.662+0000] {base.py:71} INFO - Using connection ID 'postgres' for task execution.
[2025-02-08T20:56:27.665+0000] {python.py:177} INFO - Done. Returned value was: None
[2025-02-08T20:56:27.670+0000] {taskinstance.py:1406} INFO - Marking task as SUCCESS. dag_id=user_processing, task_id=store_user, execution_date=20250207T000000, start_date=20250208T205627, end_date=20250208T205627
[2025-02-08T20:56:27.681+0000] {local_task_job.py:164} INFO - Task exited with return code 0
[2025-02-08T20:56:27.691+0000] {local_task_job.py:273} INFO - 0 downstream tasks scheduled from follow-on schedule check
