[2025-02-08T19:05:50.183+0000] {taskinstance.py:1165} INFO - Dependencies all met for <TaskInstance: example_bash_operator.this_will_skip scheduled__2025-02-07T00:00:00+00:00 [queued]>
[2025-02-08T19:05:50.192+0000] {taskinstance.py:1165} INFO - Dependencies all met for <TaskInstance: example_bash_operator.this_will_skip scheduled__2025-02-07T00:00:00+00:00 [queued]>
[2025-02-08T19:05:50.192+0000] {taskinstance.py:1362} INFO - 
--------------------------------------------------------------------------------
[2025-02-08T19:05:50.193+0000] {taskinstance.py:1363} INFO - Starting attempt 1 of 1
[2025-02-08T19:05:50.193+0000] {taskinstance.py:1364} INFO - 
--------------------------------------------------------------------------------
[2025-02-08T19:05:50.210+0000] {taskinstance.py:1383} INFO - Executing <Task(BashOperator): this_will_skip> on 2025-02-07 00:00:00+00:00
[2025-02-08T19:05:50.216+0000] {standard_task_runner.py:55} INFO - Started process 1088 to run task
[2025-02-08T19:05:50.220+0000] {standard_task_runner.py:82} INFO - Running: ['***', 'tasks', 'run', 'example_bash_operator', 'this_will_skip', 'scheduled__2025-02-07T00:00:00+00:00', '--job-id', '6', '--raw', '--subdir', '/home/***/.local/lib/python3.7/site-packages/***/example_dags/example_bash_operator.py', '--cfg-path', '/tmp/tmp3valob26']
[2025-02-08T19:05:50.221+0000] {standard_task_runner.py:83} INFO - Job 6: Subtask this_will_skip
[2025-02-08T19:05:50.293+0000] {task_command.py:376} INFO - Running <TaskInstance: example_bash_operator.this_will_skip scheduled__2025-02-07T00:00:00+00:00 [running]> on host 7276d72461ca
[2025-02-08T19:05:50.355+0000] {taskinstance.py:1592} INFO - Exporting the following env vars:
AIRFLOW_CTX_DAG_OWNER=***
AIRFLOW_CTX_DAG_ID=example_bash_operator
AIRFLOW_CTX_TASK_ID=this_will_skip
AIRFLOW_CTX_EXECUTION_DATE=2025-02-07T00:00:00+00:00
AIRFLOW_CTX_TRY_NUMBER=1
AIRFLOW_CTX_DAG_RUN_ID=scheduled__2025-02-07T00:00:00+00:00
[2025-02-08T19:05:50.357+0000] {subprocess.py:63} INFO - Tmp dir root location: 
 /tmp
[2025-02-08T19:05:50.358+0000] {subprocess.py:75} INFO - Running command: ['/bin/bash', '-c', 'echo "hello world"; exit 99;']
[2025-02-08T19:05:50.364+0000] {subprocess.py:86} INFO - Output:
[2025-02-08T19:05:50.365+0000] {subprocess.py:93} INFO - hello world
[2025-02-08T19:05:50.368+0000] {subprocess.py:97} INFO - Command exited with return code 99
[2025-02-08T19:05:50.368+0000] {taskinstance.py:1481} INFO - Bash command returned exit code 99. Skipping.
[2025-02-08T19:05:50.376+0000] {taskinstance.py:1406} INFO - Marking task as SKIPPED. dag_id=example_bash_operator, task_id=this_will_skip, execution_date=20250207T000000, start_date=20250208T190550, end_date=20250208T190550
[2025-02-08T19:05:50.400+0000] {local_task_job.py:164} INFO - Task exited with return code 0
[2025-02-08T19:05:50.418+0000] {local_task_job.py:273} INFO - 0 downstream tasks scheduled from follow-on schedule check
